{"/home/lucianosouzagt/projetos/ecommerce-api/src/database/entities/Client.ts": {"path":"/home/lucianosouzagt/projetos/ecommerce-api/src/database/entities/Client.ts","statementMap":{"0":{"start":{"line":2,"column":0},"end":{"line":2,"column":97}},"1":{"start":{"line":3,"column":0},"end":{"line":3,"column":113}},"2":{"start":{"line":5,"column":0},"end":{"line":5,"column":32}},"3":{"start":{"line":6,"column":0},"end":{"line":6,"column":30}},"4":{"start":{"line":9,"column":7},"end":{"line":53,"column":null}},"5":{"start":{"line":28,"column":4},"end":{"line":28,"column":32}},"6":{"start":{"line":33,"column":4},"end":{"line":33,"column":34}},"7":{"start":{"line":9,"column":13},"end":{"line":9,"column":19}},"8":{"start":{"line":12,"column":4},"end":{"line":12,"column":null}},"9":{"start":{"line":18,"column":4},"end":{"line":18,"column":null}},"10":{"start":{"line":23,"column":4},"end":{"line":23,"column":null}},"11":{"start":{"line":28,"column":4},"end":{"line":28,"column":null}},"12":{"start":{"line":33,"column":4},"end":{"line":33,"column":null}},"13":{"start":{"line":37,"column":4},"end":{"line":37,"column":null}},"14":{"start":{"line":40,"column":4},"end":{"line":40,"column":null}},"15":{"start":{"line":39,"column":21},"end":{"line":39,"column":26}},"16":{"start":{"line":39,"column":37},"end":{"line":39,"column":49}},"17":{"start":{"line":44,"column":4},"end":{"line":44,"column":null}},"18":{"start":{"line":42,"column":48},"end":{"line":42,"column":67}},"19":{"start":{"line":48,"column":4},"end":{"line":48,"column":null}},"20":{"start":{"line":46,"column":48},"end":{"line":46,"column":67}},"21":{"start":{"line":52,"column":4},"end":{"line":52,"column":null}},"22":{"start":{"line":50,"column":21},"end":{"line":50,"column":25}},"23":{"start":{"line":9,"column":13},"end":{"line":53,"column":null}}},"fnMap":{"0":{"name":"(anonymous_2)","decl":{"start":{"line":9,"column":7},"end":{"line":9,"column":13}},"loc":{"start":{"line":9,"column":7},"end":{"line":53,"column":1}}},"1":{"name":"(anonymous_3)","decl":{"start":{"line":39,"column":15},"end":{"line":39,"column":18}},"loc":{"start":{"line":39,"column":21},"end":{"line":39,"column":26}}},"2":{"name":"(anonymous_4)","decl":{"start":{"line":39,"column":28},"end":{"line":39,"column":33}},"loc":{"start":{"line":39,"column":37},"end":{"line":39,"column":49}}},"3":{"name":"(anonymous_5)","decl":{"start":{"line":42,"column":42},"end":{"line":42,"column":45}},"loc":{"start":{"line":42,"column":48},"end":{"line":42,"column":67}}},"4":{"name":"(anonymous_6)","decl":{"start":{"line":46,"column":42},"end":{"line":46,"column":45}},"loc":{"start":{"line":46,"column":48},"end":{"line":46,"column":67}}},"5":{"name":"(anonymous_7)","decl":{"start":{"line":50,"column":15},"end":{"line":50,"column":18}},"loc":{"start":{"line":50,"column":21},"end":{"line":50,"column":25}}}},"branchMap":{},"s":{"0":1,"1":1,"2":1,"3":1,"4":1,"5":0,"6":0,"7":1,"8":1,"9":1,"10":1,"11":1,"12":1,"13":1,"14":1,"15":0,"16":0,"17":1,"18":0,"19":1,"20":0,"21":1,"22":0,"23":1},"f":{"0":0,"1":0,"2":0,"3":0,"4":0,"5":0},"b":{}}
,"/home/lucianosouzagt/projetos/ecommerce-api/src/database/entities/Order.ts": {"path":"/home/lucianosouzagt/projetos/ecommerce-api/src/database/entities/Order.ts","statementMap":{"0":{"start":{"line":2,"column":0},"end":{"line":2,"column":99}},"1":{"start":{"line":3,"column":0},"end":{"line":3,"column":103}},"2":{"start":{"line":5,"column":0},"end":{"line":5,"column":34}},"3":{"start":{"line":6,"column":0},"end":{"line":6,"column":40}},"4":{"start":{"line":7,"column":0},"end":{"line":7,"column":30}},"5":{"start":{"line":10,"column":7},"end":{"line":52,"column":null}},"6":{"start":{"line":10,"column":13},"end":{"line":10,"column":18}},"7":{"start":{"line":13,"column":4},"end":{"line":13,"column":null}},"8":{"start":{"line":17,"column":4},"end":{"line":17,"column":null}},"9":{"start":{"line":21,"column":4},"end":{"line":21,"column":null}},"10":{"start":{"line":19,"column":21},"end":{"line":19,"column":27}},"11":{"start":{"line":19,"column":39},"end":{"line":19,"column":52}},"12":{"start":{"line":25,"column":4},"end":{"line":25,"column":null}},"13":{"start":{"line":31,"column":4},"end":{"line":31,"column":null}},"14":{"start":{"line":36,"column":4},"end":{"line":36,"column":null}},"15":{"start":{"line":39,"column":4},"end":{"line":39,"column":null}},"16":{"start":{"line":38,"column":21},"end":{"line":38,"column":30}},"17":{"start":{"line":38,"column":45},"end":{"line":38,"column":60}},"18":{"start":{"line":43,"column":4},"end":{"line":43,"column":null}},"19":{"start":{"line":41,"column":48},"end":{"line":41,"column":67}},"20":{"start":{"line":47,"column":4},"end":{"line":47,"column":null}},"21":{"start":{"line":45,"column":48},"end":{"line":45,"column":67}},"22":{"start":{"line":51,"column":4},"end":{"line":51,"column":null}},"23":{"start":{"line":49,"column":21},"end":{"line":49,"column":25}},"24":{"start":{"line":10,"column":13},"end":{"line":52,"column":null}}},"fnMap":{"0":{"name":"(anonymous_2)","decl":{"start":{"line":19,"column":15},"end":{"line":19,"column":18}},"loc":{"start":{"line":19,"column":21},"end":{"line":19,"column":27}}},"1":{"name":"(anonymous_3)","decl":{"start":{"line":19,"column":29},"end":{"line":19,"column":35}},"loc":{"start":{"line":19,"column":39},"end":{"line":19,"column":52}}},"2":{"name":"(anonymous_4)","decl":{"start":{"line":38,"column":15},"end":{"line":38,"column":18}},"loc":{"start":{"line":38,"column":21},"end":{"line":38,"column":30}}},"3":{"name":"(anonymous_5)","decl":{"start":{"line":38,"column":32},"end":{"line":38,"column":41}},"loc":{"start":{"line":38,"column":45},"end":{"line":38,"column":60}}},"4":{"name":"(anonymous_6)","decl":{"start":{"line":41,"column":42},"end":{"line":41,"column":45}},"loc":{"start":{"line":41,"column":48},"end":{"line":41,"column":67}}},"5":{"name":"(anonymous_7)","decl":{"start":{"line":45,"column":42},"end":{"line":45,"column":45}},"loc":{"start":{"line":45,"column":48},"end":{"line":45,"column":67}}},"6":{"name":"(anonymous_8)","decl":{"start":{"line":49,"column":15},"end":{"line":49,"column":18}},"loc":{"start":{"line":49,"column":21},"end":{"line":49,"column":25}}}},"branchMap":{},"s":{"0":1,"1":1,"2":1,"3":1,"4":1,"5":1,"6":1,"7":1,"8":1,"9":1,"10":0,"11":0,"12":1,"13":1,"14":1,"15":1,"16":0,"17":0,"18":1,"19":0,"20":1,"21":0,"22":1,"23":0,"24":1},"f":{"0":0,"1":0,"2":0,"3":0,"4":0,"5":0,"6":0},"b":{}}
,"/home/lucianosouzagt/projetos/ecommerce-api/src/database/entities/OrderItem.ts": {"path":"/home/lucianosouzagt/projetos/ecommerce-api/src/database/entities/OrderItem.ts","statementMap":{"0":{"start":{"line":2,"column":0},"end":{"line":2,"column":99}},"1":{"start":{"line":3,"column":0},"end":{"line":3,"column":76}},"2":{"start":{"line":5,"column":0},"end":{"line":5,"column":32}},"3":{"start":{"line":6,"column":0},"end":{"line":6,"column":36}},"4":{"start":{"line":7,"column":0},"end":{"line":7,"column":30}},"5":{"start":{"line":8,"column":0},"end":{"line":8,"column":48}},"6":{"start":{"line":11,"column":7},"end":{"line":57,"column":null}},"7":{"start":{"line":11,"column":13},"end":{"line":11,"column":22}},"8":{"start":{"line":14,"column":4},"end":{"line":14,"column":null}},"9":{"start":{"line":18,"column":4},"end":{"line":18,"column":null}},"10":{"start":{"line":22,"column":4},"end":{"line":22,"column":null}},"11":{"start":{"line":28,"column":4},"end":{"line":28,"column":null}},"12":{"start":{"line":33,"column":4},"end":{"line":33,"column":null}},"13":{"start":{"line":37,"column":4},"end":{"line":37,"column":null}},"14":{"start":{"line":35,"column":21},"end":{"line":35,"column":26}},"15":{"start":{"line":35,"column":37},"end":{"line":35,"column":48}},"16":{"start":{"line":41,"column":4},"end":{"line":41,"column":null}},"17":{"start":{"line":39,"column":21},"end":{"line":39,"column":28}},"18":{"start":{"line":39,"column":41},"end":{"line":39,"column":59}},"19":{"start":{"line":44,"column":4},"end":{"line":44,"column":null}},"20":{"start":{"line":43,"column":21},"end":{"line":43,"column":34}},"21":{"start":{"line":43,"column":53},"end":{"line":43,"column":76}},"22":{"start":{"line":48,"column":4},"end":{"line":48,"column":null}},"23":{"start":{"line":46,"column":48},"end":{"line":46,"column":67}},"24":{"start":{"line":52,"column":4},"end":{"line":52,"column":null}},"25":{"start":{"line":50,"column":48},"end":{"line":50,"column":67}},"26":{"start":{"line":56,"column":4},"end":{"line":56,"column":null}},"27":{"start":{"line":54,"column":21},"end":{"line":54,"column":25}},"28":{"start":{"line":11,"column":13},"end":{"line":57,"column":null}}},"fnMap":{"0":{"name":"(anonymous_2)","decl":{"start":{"line":35,"column":15},"end":{"line":35,"column":18}},"loc":{"start":{"line":35,"column":21},"end":{"line":35,"column":26}}},"1":{"name":"(anonymous_3)","decl":{"start":{"line":35,"column":28},"end":{"line":35,"column":33}},"loc":{"start":{"line":35,"column":37},"end":{"line":35,"column":48}}},"2":{"name":"(anonymous_4)","decl":{"start":{"line":39,"column":15},"end":{"line":39,"column":18}},"loc":{"start":{"line":39,"column":21},"end":{"line":39,"column":28}}},"3":{"name":"(anonymous_5)","decl":{"start":{"line":39,"column":30},"end":{"line":39,"column":37}},"loc":{"start":{"line":39,"column":41},"end":{"line":39,"column":59}}},"4":{"name":"(anonymous_6)","decl":{"start":{"line":43,"column":15},"end":{"line":43,"column":18}},"loc":{"start":{"line":43,"column":21},"end":{"line":43,"column":34}}},"5":{"name":"(anonymous_7)","decl":{"start":{"line":43,"column":36},"end":{"line":43,"column":49}},"loc":{"start":{"line":43,"column":53},"end":{"line":43,"column":76}}},"6":{"name":"(anonymous_8)","decl":{"start":{"line":46,"column":42},"end":{"line":46,"column":45}},"loc":{"start":{"line":46,"column":48},"end":{"line":46,"column":67}}},"7":{"name":"(anonymous_9)","decl":{"start":{"line":50,"column":42},"end":{"line":50,"column":45}},"loc":{"start":{"line":50,"column":48},"end":{"line":50,"column":67}}},"8":{"name":"(anonymous_10)","decl":{"start":{"line":54,"column":15},"end":{"line":54,"column":18}},"loc":{"start":{"line":54,"column":21},"end":{"line":54,"column":25}}}},"branchMap":{},"s":{"0":1,"1":1,"2":1,"3":1,"4":1,"5":1,"6":1,"7":1,"8":1,"9":1,"10":1,"11":1,"12":1,"13":1,"14":0,"15":0,"16":1,"17":0,"18":0,"19":1,"20":0,"21":0,"22":1,"23":0,"24":1,"25":0,"26":1,"27":0,"28":1},"f":{"0":0,"1":0,"2":0,"3":0,"4":0,"5":0,"6":0,"7":0,"8":0},"b":{}}
,"/home/lucianosouzagt/projetos/ecommerce-api/src/database/entities/Product.ts": {"path":"/home/lucianosouzagt/projetos/ecommerce-api/src/database/entities/Product.ts","statementMap":{"0":{"start":{"line":1,"column":0},"end":{"line":1,"column":97}},"1":{"start":{"line":2,"column":0},"end":{"line":2,"column":126}},"2":{"start":{"line":4,"column":0},"end":{"line":4,"column":30}},"3":{"start":{"line":5,"column":0},"end":{"line":5,"column":40}},"4":{"start":{"line":6,"column":0},"end":{"line":6,"column":48}},"5":{"start":{"line":9,"column":7},"end":{"line":63,"column":null}},"6":{"start":{"line":23,"column":4},"end":{"line":23,"column":38}},"7":{"start":{"line":9,"column":13},"end":{"line":9,"column":20}},"8":{"start":{"line":12,"column":4},"end":{"line":12,"column":null}},"9":{"start":{"line":18,"column":4},"end":{"line":18,"column":null}},"10":{"start":{"line":23,"column":4},"end":{"line":23,"column":39}},"11":{"start":{"line":28,"column":4},"end":{"line":28,"column":null}},"12":{"start":{"line":33,"column":4},"end":{"line":33,"column":null}},"13":{"start":{"line":38,"column":4},"end":{"line":38,"column":null}},"14":{"start":{"line":42,"column":4},"end":{"line":42,"column":null}},"15":{"start":{"line":46,"column":4},"end":{"line":46,"column":null}},"16":{"start":{"line":44,"column":48},"end":{"line":44,"column":67}},"17":{"start":{"line":50,"column":4},"end":{"line":50,"column":null}},"18":{"start":{"line":48,"column":48},"end":{"line":48,"column":67}},"19":{"start":{"line":54,"column":4},"end":{"line":54,"column":null}},"20":{"start":{"line":52,"column":21},"end":{"line":52,"column":25}},"21":{"start":{"line":57,"column":4},"end":{"line":57,"column":null}},"22":{"start":{"line":56,"column":21},"end":{"line":56,"column":30}},"23":{"start":{"line":56,"column":45},"end":{"line":56,"column":62}},"24":{"start":{"line":60,"column":4},"end":{"line":60,"column":null}},"25":{"start":{"line":59,"column":21},"end":{"line":59,"column":34}},"26":{"start":{"line":59,"column":53},"end":{"line":59,"column":74}},"27":{"start":{"line":9,"column":13},"end":{"line":63,"column":null}}},"fnMap":{"0":{"name":"(anonymous_2)","decl":{"start":{"line":9,"column":7},"end":{"line":9,"column":13}},"loc":{"start":{"line":9,"column":7},"end":{"line":63,"column":1}}},"1":{"name":"(anonymous_3)","decl":{"start":{"line":44,"column":42},"end":{"line":44,"column":45}},"loc":{"start":{"line":44,"column":48},"end":{"line":44,"column":67}}},"2":{"name":"(anonymous_4)","decl":{"start":{"line":48,"column":42},"end":{"line":48,"column":45}},"loc":{"start":{"line":48,"column":48},"end":{"line":48,"column":67}}},"3":{"name":"(anonymous_5)","decl":{"start":{"line":52,"column":15},"end":{"line":52,"column":18}},"loc":{"start":{"line":52,"column":21},"end":{"line":52,"column":25}}},"4":{"name":"(anonymous_6)","decl":{"start":{"line":56,"column":15},"end":{"line":56,"column":18}},"loc":{"start":{"line":56,"column":21},"end":{"line":56,"column":30}}},"5":{"name":"(anonymous_7)","decl":{"start":{"line":56,"column":32},"end":{"line":56,"column":41}},"loc":{"start":{"line":56,"column":45},"end":{"line":56,"column":62}}},"6":{"name":"(anonymous_8)","decl":{"start":{"line":59,"column":15},"end":{"line":59,"column":18}},"loc":{"start":{"line":59,"column":21},"end":{"line":59,"column":34}}},"7":{"name":"(anonymous_9)","decl":{"start":{"line":59,"column":36},"end":{"line":59,"column":49}},"loc":{"start":{"line":59,"column":53},"end":{"line":59,"column":74}}}},"branchMap":{},"s":{"0":1,"1":1,"2":1,"3":1,"4":1,"5":1,"6":0,"7":1,"8":1,"9":1,"10":1,"11":1,"12":1,"13":1,"14":1,"15":1,"16":0,"17":1,"18":0,"19":1,"20":0,"21":1,"22":0,"23":0,"24":1,"25":0,"26":0,"27":1},"f":{"0":0,"1":0,"2":0,"3":0,"4":0,"5":0,"6":0,"7":0},"b":{}}
,"/home/lucianosouzagt/projetos/ecommerce-api/src/database/entities/StockMovement.ts": {"path":"/home/lucianosouzagt/projetos/ecommerce-api/src/database/entities/StockMovement.ts","statementMap":{"0":{"start":{"line":2,"column":0},"end":{"line":2,"column":88}},"1":{"start":{"line":3,"column":0},"end":{"line":3,"column":80}},"2":{"start":{"line":5,"column":0},"end":{"line":5,"column":36}},"3":{"start":{"line":6,"column":0},"end":{"line":6,"column":30}},"4":{"start":{"line":7,"column":0},"end":{"line":7,"column":40}},"5":{"start":{"line":12,"column":7},"end":{"line":54,"column":null}},"6":{"start":{"line":12,"column":13},"end":{"line":12,"column":26}},"7":{"start":{"line":15,"column":4},"end":{"line":15,"column":null}},"8":{"start":{"line":19,"column":4},"end":{"line":19,"column":null}},"9":{"start":{"line":23,"column":4},"end":{"line":23,"column":null}},"10":{"start":{"line":21,"column":21},"end":{"line":21,"column":28}},"11":{"start":{"line":21,"column":41},"end":{"line":21,"column":63}},"12":{"start":{"line":27,"column":4},"end":{"line":27,"column":null}},"13":{"start":{"line":25,"column":21},"end":{"line":25,"column":30}},"14":{"start":{"line":25,"column":45},"end":{"line":25,"column":69}},"15":{"start":{"line":31,"column":4},"end":{"line":31,"column":null}},"16":{"start":{"line":36,"column":4},"end":{"line":36,"column":null}},"17":{"start":{"line":41,"column":4},"end":{"line":41,"column":null}},"18":{"start":{"line":45,"column":4},"end":{"line":45,"column":null}},"19":{"start":{"line":43,"column":48},"end":{"line":43,"column":67}},"20":{"start":{"line":49,"column":4},"end":{"line":49,"column":null}},"21":{"start":{"line":47,"column":48},"end":{"line":47,"column":67}},"22":{"start":{"line":53,"column":4},"end":{"line":53,"column":null}},"23":{"start":{"line":51,"column":21},"end":{"line":51,"column":25}},"24":{"start":{"line":12,"column":13},"end":{"line":54,"column":null}}},"fnMap":{"0":{"name":"(anonymous_2)","decl":{"start":{"line":21,"column":15},"end":{"line":21,"column":18}},"loc":{"start":{"line":21,"column":21},"end":{"line":21,"column":28}}},"1":{"name":"(anonymous_3)","decl":{"start":{"line":21,"column":30},"end":{"line":21,"column":37}},"loc":{"start":{"line":21,"column":41},"end":{"line":21,"column":63}}},"2":{"name":"(anonymous_4)","decl":{"start":{"line":25,"column":15},"end":{"line":25,"column":18}},"loc":{"start":{"line":25,"column":21},"end":{"line":25,"column":30}}},"3":{"name":"(anonymous_5)","decl":{"start":{"line":25,"column":32},"end":{"line":25,"column":41}},"loc":{"start":{"line":25,"column":45},"end":{"line":25,"column":69}}},"4":{"name":"(anonymous_6)","decl":{"start":{"line":43,"column":42},"end":{"line":43,"column":45}},"loc":{"start":{"line":43,"column":48},"end":{"line":43,"column":67}}},"5":{"name":"(anonymous_7)","decl":{"start":{"line":47,"column":42},"end":{"line":47,"column":45}},"loc":{"start":{"line":47,"column":48},"end":{"line":47,"column":67}}},"6":{"name":"(anonymous_8)","decl":{"start":{"line":51,"column":15},"end":{"line":51,"column":18}},"loc":{"start":{"line":51,"column":21},"end":{"line":51,"column":25}}}},"branchMap":{},"s":{"0":1,"1":1,"2":1,"3":1,"4":1,"5":1,"6":1,"7":1,"8":1,"9":1,"10":0,"11":0,"12":1,"13":0,"14":0,"15":1,"16":1,"17":1,"18":1,"19":0,"20":1,"21":0,"22":1,"23":0,"24":1},"f":{"0":0,"1":0,"2":0,"3":0,"4":0,"5":0,"6":0},"b":{}}
,"/home/lucianosouzagt/projetos/ecommerce-api/src/database/entities/User.ts": {"path":"/home/lucianosouzagt/projetos/ecommerce-api/src/database/entities/User.ts","statementMap":{"0":{"start":{"line":2,"column":0},"end":{"line":2,"column":99}},"1":{"start":{"line":3,"column":0},"end":{"line":3,"column":107}},"2":{"start":{"line":5,"column":0},"end":{"line":5,"column":36}},"3":{"start":{"line":6,"column":0},"end":{"line":6,"column":34}},"4":{"start":{"line":7,"column":0},"end":{"line":7,"column":32}},"5":{"start":{"line":8,"column":0},"end":{"line":8,"column":40}},"6":{"start":{"line":9,"column":0},"end":{"line":9,"column":48}},"7":{"start":{"line":15,"column":7},"end":{"line":75,"column":null}},"8":{"start":{"line":15,"column":13},"end":{"line":15,"column":17}},"9":{"start":{"line":18,"column":4},"end":{"line":18,"column":null}},"10":{"start":{"line":24,"column":4},"end":{"line":24,"column":null}},"11":{"start":{"line":29,"column":4},"end":{"line":29,"column":null}},"12":{"start":{"line":34,"column":4},"end":{"line":34,"column":null}},"13":{"start":{"line":39,"column":4},"end":{"line":39,"column":null}},"14":{"start":{"line":43,"column":4},"end":{"line":43,"column":null}},"15":{"start":{"line":47,"column":4},"end":{"line":47,"column":null}},"16":{"start":{"line":46,"column":21},"end":{"line":46,"column":28}},"17":{"start":{"line":46,"column":41},"end":{"line":46,"column":59}},"18":{"start":{"line":50,"column":4},"end":{"line":50,"column":null}},"19":{"start":{"line":49,"column":21},"end":{"line":49,"column":27}},"20":{"start":{"line":49,"column":39},"end":{"line":49,"column":56}},"21":{"start":{"line":53,"column":4},"end":{"line":53,"column":null}},"22":{"start":{"line":52,"column":21},"end":{"line":52,"column":26}},"23":{"start":{"line":52,"column":37},"end":{"line":52,"column":53}},"24":{"start":{"line":56,"column":4},"end":{"line":56,"column":null}},"25":{"start":{"line":55,"column":21},"end":{"line":55,"column":30}},"26":{"start":{"line":55,"column":45},"end":{"line":55,"column":65}},"27":{"start":{"line":59,"column":4},"end":{"line":59,"column":null}},"28":{"start":{"line":58,"column":21},"end":{"line":58,"column":34}},"29":{"start":{"line":58,"column":53},"end":{"line":58,"column":77}},"30":{"start":{"line":62,"column":4},"end":{"line":62,"column":null}},"31":{"start":{"line":61,"column":21},"end":{"line":61,"column":25}},"32":{"start":{"line":61,"column":35},"end":{"line":61,"column":50}},"33":{"start":{"line":66,"column":4},"end":{"line":66,"column":null}},"34":{"start":{"line":64,"column":48},"end":{"line":64,"column":67}},"35":{"start":{"line":70,"column":4},"end":{"line":70,"column":null}},"36":{"start":{"line":68,"column":48},"end":{"line":68,"column":67}},"37":{"start":{"line":74,"column":4},"end":{"line":74,"column":null}},"38":{"start":{"line":15,"column":13},"end":{"line":75,"column":null}}},"fnMap":{"0":{"name":"(anonymous_2)","decl":{"start":{"line":46,"column":15},"end":{"line":46,"column":18}},"loc":{"start":{"line":46,"column":21},"end":{"line":46,"column":28}}},"1":{"name":"(anonymous_3)","decl":{"start":{"line":46,"column":30},"end":{"line":46,"column":37}},"loc":{"start":{"line":46,"column":41},"end":{"line":46,"column":59}}},"2":{"name":"(anonymous_4)","decl":{"start":{"line":49,"column":15},"end":{"line":49,"column":18}},"loc":{"start":{"line":49,"column":21},"end":{"line":49,"column":27}}},"3":{"name":"(anonymous_5)","decl":{"start":{"line":49,"column":29},"end":{"line":49,"column":35}},"loc":{"start":{"line":49,"column":39},"end":{"line":49,"column":56}}},"4":{"name":"(anonymous_6)","decl":{"start":{"line":52,"column":15},"end":{"line":52,"column":18}},"loc":{"start":{"line":52,"column":21},"end":{"line":52,"column":26}}},"5":{"name":"(anonymous_7)","decl":{"start":{"line":52,"column":28},"end":{"line":52,"column":33}},"loc":{"start":{"line":52,"column":37},"end":{"line":52,"column":53}}},"6":{"name":"(anonymous_8)","decl":{"start":{"line":55,"column":15},"end":{"line":55,"column":18}},"loc":{"start":{"line":55,"column":21},"end":{"line":55,"column":30}}},"7":{"name":"(anonymous_9)","decl":{"start":{"line":55,"column":32},"end":{"line":55,"column":41}},"loc":{"start":{"line":55,"column":45},"end":{"line":55,"column":65}}},"8":{"name":"(anonymous_10)","decl":{"start":{"line":58,"column":15},"end":{"line":58,"column":18}},"loc":{"start":{"line":58,"column":21},"end":{"line":58,"column":34}}},"9":{"name":"(anonymous_11)","decl":{"start":{"line":58,"column":36},"end":{"line":58,"column":49}},"loc":{"start":{"line":58,"column":53},"end":{"line":58,"column":77}}},"10":{"name":"(anonymous_12)","decl":{"start":{"line":61,"column":15},"end":{"line":61,"column":18}},"loc":{"start":{"line":61,"column":21},"end":{"line":61,"column":25}}},"11":{"name":"(anonymous_13)","decl":{"start":{"line":61,"column":27},"end":{"line":61,"column":31}},"loc":{"start":{"line":61,"column":35},"end":{"line":61,"column":50}}},"12":{"name":"(anonymous_14)","decl":{"start":{"line":64,"column":42},"end":{"line":64,"column":45}},"loc":{"start":{"line":64,"column":48},"end":{"line":64,"column":67}}},"13":{"name":"(anonymous_15)","decl":{"start":{"line":68,"column":42},"end":{"line":68,"column":45}},"loc":{"start":{"line":68,"column":48},"end":{"line":68,"column":67}}}},"branchMap":{},"s":{"0":1,"1":1,"2":1,"3":1,"4":1,"5":1,"6":1,"7":1,"8":1,"9":1,"10":1,"11":1,"12":1,"13":1,"14":1,"15":1,"16":0,"17":0,"18":1,"19":0,"20":0,"21":1,"22":0,"23":0,"24":1,"25":0,"26":0,"27":1,"28":0,"29":0,"30":1,"31":0,"32":0,"33":1,"34":0,"35":1,"36":0,"37":1,"38":1},"f":{"0":0,"1":0,"2":0,"3":0,"4":0,"5":0,"6":0,"7":0,"8":0,"9":0,"10":0,"11":0,"12":0,"13":0},"b":{}}
,"/home/lucianosouzagt/projetos/ecommerce-api/src/dtos/clients/CreateClientsDTO.ts": {"path":"/home/lucianosouzagt/projetos/ecommerce-api/src/dtos/clients/CreateClientsDTO.ts","statementMap":{"0":{"start":{"line":2,"column":0},"end":{"line":2,"column":80}},"1":{"start":{"line":4,"column":0},"end":{"line":4,"column":13}},"2":{"start":{"line":8,"column":4},"end":{"line":8,"column":null}},"3":{"start":{"line":11,"column":4},"end":{"line":11,"column":null}},"4":{"start":{"line":15,"column":4},"end":{"line":15,"column":null}}},"fnMap":{},"branchMap":{},"s":{"0":2,"1":2,"2":2,"3":2,"4":2},"f":{},"b":{}}
,"/home/lucianosouzagt/projetos/ecommerce-api/src/dtos/orders/CreateOrderDTO.ts": {"path":"/home/lucianosouzagt/projetos/ecommerce-api/src/dtos/orders/CreateOrderDTO.ts","statementMap":{"0":{"start":{"line":2,"column":0},"end":{"line":2,"column":66}},"1":{"start":{"line":3,"column":0},"end":{"line":3,"column":41}},"2":{"start":{"line":4,"column":0},"end":{"line":4,"column":58}},"3":{"start":{"line":6,"column":0},"end":{"line":6,"column":13}},"4":{"start":{"line":8,"column":4},"end":{"line":8,"column":null}},"5":{"start":{"line":13,"column":4},"end":{"line":13,"column":null}},"6":{"start":{"line":12,"column":16},"end":{"line":12,"column":34}}},"fnMap":{"0":{"name":"(anonymous_2)","decl":{"start":{"line":12,"column":10},"end":{"line":12,"column":13}},"loc":{"start":{"line":12,"column":16},"end":{"line":12,"column":34}}}},"branchMap":{},"s":{"0":1,"1":1,"2":1,"3":1,"4":1,"5":1,"6":0},"f":{"0":0},"b":{}}
,"/home/lucianosouzagt/projetos/ecommerce-api/src/dtos/orders/CreateOrderItemDTO.ts": {"path":"/home/lucianosouzagt/projetos/ecommerce-api/src/dtos/orders/CreateOrderItemDTO.ts","statementMap":{"0":{"start":{"line":2,"column":0},"end":{"line":2,"column":63}},"1":{"start":{"line":4,"column":0},"end":{"line":4,"column":13}},"2":{"start":{"line":6,"column":4},"end":{"line":6,"column":null}},"3":{"start":{"line":10,"column":4},"end":{"line":10,"column":null}}},"fnMap":{},"branchMap":{},"s":{"0":1,"1":1,"2":1,"3":1},"f":{},"b":{}}
,"/home/lucianosouzagt/projetos/ecommerce-api/src/dtos/orders/UpdateOrderDTO.ts": {"path":"/home/lucianosouzagt/projetos/ecommerce-api/src/dtos/orders/UpdateOrderDTO.ts","statementMap":{"0":{"start":{"line":2,"column":0},"end":{"line":2,"column":61}},"1":{"start":{"line":4,"column":0},"end":{"line":4,"column":13}},"2":{"start":{"line":8,"column":4},"end":{"line":8,"column":null}}},"fnMap":{},"branchMap":{},"s":{"0":1,"1":1,"2":1},"f":{},"b":{}}
,"/home/lucianosouzagt/projetos/ecommerce-api/src/dtos/stockMovements/CreateStockMovementDTO.ts": {"path":"/home/lucianosouzagt/projetos/ecommerce-api/src/dtos/stockMovements/CreateStockMovementDTO.ts","statementMap":{"0":{"start":{"line":2,"column":0},"end":{"line":2,"column":86}},"1":{"start":{"line":4,"column":0},"end":{"line":4,"column":13}},"2":{"start":{"line":6,"column":4},"end":{"line":6,"column":null}},"3":{"start":{"line":10,"column":4},"end":{"line":10,"column":null}},"4":{"start":{"line":14,"column":4},"end":{"line":14,"column":null}},"5":{"start":{"line":18,"column":5},"end":{"line":18,"column":null}},"6":{"start":{"line":23,"column":5},"end":{"line":23,"column":null}}},"fnMap":{},"branchMap":{},"s":{"0":1,"1":1,"2":1,"3":1,"4":1,"5":1,"6":1},"f":{},"b":{}}
,"/home/lucianosouzagt/projetos/ecommerce-api/src/dtos/users/CreateUserDTO.ts": {"path":"/home/lucianosouzagt/projetos/ecommerce-api/src/dtos/users/CreateUserDTO.ts","statementMap":{"0":{"start":{"line":2,"column":0},"end":{"line":2,"column":78}},"1":{"start":{"line":4,"column":0},"end":{"line":4,"column":13}},"2":{"start":{"line":7,"column":4},"end":{"line":7,"column":null}},"3":{"start":{"line":10,"column":4},"end":{"line":10,"column":null}},"4":{"start":{"line":14,"column":4},"end":{"line":14,"column":null}},"5":{"start":{"line":19,"column":4},"end":{"line":19,"column":null}}},"fnMap":{},"branchMap":{},"s":{"0":1,"1":1,"2":1,"3":1,"4":1,"5":1},"f":{},"b":{}}
,"/home/lucianosouzagt/projetos/ecommerce-api/src/dtos/users/UpdateUserDTO.ts": {"path":"/home/lucianosouzagt/projetos/ecommerce-api/src/dtos/users/UpdateUserDTO.ts","statementMap":{"0":{"start":{"line":2,"column":0},"end":{"line":2,"column":78}},"1":{"start":{"line":4,"column":0},"end":{"line":4,"column":13}},"2":{"start":{"line":8,"column":4},"end":{"line":8,"column":null}},"3":{"start":{"line":12,"column":4},"end":{"line":12,"column":null}},"4":{"start":{"line":17,"column":4},"end":{"line":17,"column":null}},"5":{"start":{"line":22,"column":4},"end":{"line":22,"column":null}}},"fnMap":{},"branchMap":{},"s":{"0":1,"1":1,"2":1,"3":1,"4":1,"5":1},"f":{},"b":{}}
,"/home/lucianosouzagt/projetos/ecommerce-api/src/services/ClientService.ts": {"path":"/home/lucianosouzagt/projetos/ecommerce-api/src/services/ClientService.ts","statementMap":{"0":{"start":{"line":2,"column":0},"end":{"line":2,"column":43}},"1":{"start":{"line":3,"column":0},"end":{"line":3,"column":52}},"2":{"start":{"line":5,"column":0},"end":{"line":5,"column":53}},"3":{"start":{"line":6,"column":0},"end":{"line":6,"column":44}},"4":{"start":{"line":10,"column":0},"end":{"line":10,"column":67}},"5":{"start":{"line":22,"column":8},"end":{"line":22,"column":88}},"6":{"start":{"line":26,"column":26},"end":{"line":26,"column":70}},"7":{"start":{"line":27,"column":23},"end":{"line":27,"column":48}},"8":{"start":{"line":28,"column":8},"end":{"line":31,"column":9}},"9":{"start":{"line":29,"column":34},"end":{"line":29,"column":96}},"10":{"start":{"line":29,"column":52},"end":{"line":29,"column":88}},"11":{"start":{"line":30,"column":12},"end":{"line":30,"column":87}},"12":{"start":{"line":33,"column":31},"end":{"line":33,"column":97}},"13":{"start":{"line":34,"column":8},"end":{"line":36,"column":9}},"14":{"start":{"line":35,"column":12},"end":{"line":35,"column":68}},"15":{"start":{"line":38,"column":23},"end":{"line":38,"column":63}},"16":{"start":{"line":39,"column":28},"end":{"line":39,"column":68}},"17":{"start":{"line":41,"column":8},"end":{"line":41,"column":27}},"18":{"start":{"line":46,"column":8},"end":{"line":46,"column":55}},"19":{"start":{"line":50,"column":8},"end":{"line":50,"column":44}},"20":{"start":{"line":54,"column":23},"end":{"line":54,"column":68}},"21":{"start":{"line":55,"column":8},"end":{"line":57,"column":9}},"22":{"start":{"line":56,"column":12},"end":{"line":56,"column":24}},"23":{"start":{"line":58,"column":8},"end":{"line":58,"column":56}},"24":{"start":{"line":59,"column":30},"end":{"line":59,"column":70}},"25":{"start":{"line":60,"column":8},"end":{"line":60,"column":29}},"26":{"start":{"line":64,"column":23},"end":{"line":64,"column":61}},"27":{"start":{"line":65,"column":8},"end":{"line":65,"column":56}},"28":{"start":{"line":15,"column":0},"end":{"line":15,"column":13}},"29":{"start":{"line":70,"column":13},"end":{"line":70,"column":49}}},"fnMap":{"0":{"name":"(anonymous_0)","decl":{"start":{"line":20,"column":4},"end":{"line":20,"column":16}},"loc":{"start":{"line":20,"column":53},"end":{"line":23,"column":5}}},"1":{"name":"(anonymous_1)","decl":{"start":{"line":25,"column":4},"end":{"line":25,"column":9}},"loc":{"start":{"line":25,"column":44},"end":{"line":42,"column":5}}},"2":{"name":"(anonymous_2)","decl":{"start":{"line":29,"column":45},"end":{"line":29,"column":48}},"loc":{"start":{"line":29,"column":52},"end":{"line":29,"column":88}}},"3":{"name":"(anonymous_3)","decl":{"start":{"line":45,"column":4},"end":{"line":45,"column":9}},"loc":{"start":{"line":45,"column":29},"end":{"line":47,"column":5}}},"4":{"name":"(anonymous_4)","decl":{"start":{"line":49,"column":4},"end":{"line":49,"column":9}},"loc":{"start":{"line":49,"column":17},"end":{"line":51,"column":5}}},"5":{"name":"(anonymous_5)","decl":{"start":{"line":53,"column":4},"end":{"line":53,"column":9}},"loc":{"start":{"line":53,"column":65},"end":{"line":61,"column":5}}},"6":{"name":"(anonymous_6)","decl":{"start":{"line":63,"column":4},"end":{"line":63,"column":9}},"loc":{"start":{"line":63,"column":27},"end":{"line":66,"column":5}}}},"branchMap":{"0":{"loc":{"start":{"line":22,"column":32},"end":{"line":22,"column":87}},"type":"binary-expr","locations":[{"start":{"line":22,"column":32},"end":{"line":22,"column":48}},{"start":{"line":22,"column":52},"end":{"line":22,"column":87}}]},"1":{"loc":{"start":{"line":28,"column":8},"end":{"line":31,"column":9}},"type":"if","locations":[{"start":{"line":28,"column":8},"end":{"line":31,"column":9}},{"start":{},"end":{}}]},"2":{"loc":{"start":{"line":29,"column":66},"end":{"line":29,"column":87}},"type":"binary-expr","locations":[{"start":{"line":29,"column":66},"end":{"line":29,"column":81}},{"start":{"line":29,"column":85},"end":{"line":29,"column":87}}]},"3":{"loc":{"start":{"line":34,"column":8},"end":{"line":36,"column":9}},"type":"if","locations":[{"start":{"line":34,"column":8},"end":{"line":36,"column":9}},{"start":{},"end":{}}]},"4":{"loc":{"start":{"line":55,"column":8},"end":{"line":57,"column":9}},"type":"if","locations":[{"start":{"line":55,"column":8},"end":{"line":57,"column":9}},{"start":{},"end":{}}]},"5":{"loc":{"start":{"line":65,"column":15},"end":{"line":65,"column":55}},"type":"binary-expr","locations":[{"start":{"line":65,"column":15},"end":{"line":65,"column":32}},{"start":{"line":65,"column":36},"end":{"line":65,"column":55}}]}},"s":{"0":1,"1":1,"2":1,"3":1,"4":1,"5":2,"6":3,"7":3,"8":3,"9":1,"10":2,"11":1,"12":2,"13":2,"14":1,"15":1,"16":1,"17":1,"18":2,"19":0,"20":0,"21":0,"22":0,"23":0,"24":0,"25":0,"26":0,"27":0,"28":1,"29":1},"f":{"0":2,"1":3,"2":2,"3":2,"4":0,"5":0,"6":0},"b":{"0":[2,2],"1":[1,2],"2":[2,0],"3":[1,1],"4":[0,0],"5":[0,0]}}
,"/home/lucianosouzagt/projetos/ecommerce-api/src/services/OrderService.ts": {"path":"/home/lucianosouzagt/projetos/ecommerce-api/src/services/OrderService.ts","statementMap":{"0":{"start":{"line":2,"column":0},"end":{"line":2,"column":43}},"1":{"start":{"line":3,"column":0},"end":{"line":3,"column":52}},"2":{"start":{"line":4,"column":0},"end":{"line":4,"column":51}},"3":{"start":{"line":5,"column":0},"end":{"line":5,"column":59}},"4":{"start":{"line":6,"column":0},"end":{"line":6,"column":67}},"5":{"start":{"line":7,"column":0},"end":{"line":7,"column":55}},"6":{"start":{"line":8,"column":0},"end":{"line":8,"column":53}},"7":{"start":{"line":9,"column":0},"end":{"line":9,"column":44}},"8":{"start":{"line":10,"column":0},"end":{"line":10,"column":41}},"9":{"start":{"line":13,"column":0},"end":{"line":13,"column":63}},"10":{"start":{"line":14,"column":0},"end":{"line":14,"column":71}},"11":{"start":{"line":15,"column":0},"end":{"line":15,"column":63}},"12":{"start":{"line":17,"column":24},"end":{"line":17,"column":58}},"13":{"start":{"line":18,"column":28},"end":{"line":18,"column":66}},"14":{"start":{"line":19,"column":32},"end":{"line":19,"column":74}},"15":{"start":{"line":20,"column":26},"end":{"line":20,"column":62}},"16":{"start":{"line":21,"column":25},"end":{"line":21,"column":60}},"17":{"start":{"line":34,"column":30},"end":{"line":34,"column":72}},"18":{"start":{"line":35,"column":23},"end":{"line":35,"column":52}},"19":{"start":{"line":37,"column":8},"end":{"line":40,"column":9}},"20":{"start":{"line":38,"column":12},"end":{"line":38,"column":57}},"21":{"start":{"line":39,"column":12},"end":{"line":39,"column":58}},"22":{"start":{"line":43,"column":28},"end":{"line":43,"column":61}},"23":{"start":{"line":44,"column":8},"end":{"line":44,"column":36}},"24":{"start":{"line":45,"column":8},"end":{"line":45,"column":45}},"25":{"start":{"line":47,"column":8},"end":{"line":161,"column":9}},"26":{"start":{"line":49,"column":27},"end":{"line":49,"column":102}},"27":{"start":{"line":50,"column":12},"end":{"line":52,"column":13}},"28":{"start":{"line":51,"column":16},"end":{"line":51,"column":92}},"29":{"start":{"line":54,"column":31},"end":{"line":54,"column":78}},"30":{"start":{"line":54,"column":63},"end":{"line":54,"column":77}},"31":{"start":{"line":55,"column":29},"end":{"line":55,"column":94}},"32":{"start":{"line":57,"column":12},"end":{"line":62,"column":13}},"33":{"start":{"line":59,"column":41},"end":{"line":59,"column":64}},"34":{"start":{"line":59,"column":59},"end":{"line":59,"column":63}},"35":{"start":{"line":60,"column":37},"end":{"line":60,"column":91}},"36":{"start":{"line":60,"column":61},"end":{"line":60,"column":90}},"37":{"start":{"line":61,"column":17},"end":{"line":61,"column":100}},"38":{"start":{"line":65,"column":31},"end":{"line":65,"column":68}},"39":{"start":{"line":65,"column":57},"end":{"line":65,"column":66}},"40":{"start":{"line":68,"column":52},"end":{"line":68,"column":54}},"41":{"start":{"line":69,"column":60},"end":{"line":69,"column":62}},"42":{"start":{"line":70,"column":30},"end":{"line":70,"column":31}},"43":{"start":{"line":72,"column":12},"end":{"line":119,"column":13}},"44":{"start":{"line":73,"column":32},"end":{"line":73,"column":62}},"45":{"start":{"line":74,"column":16},"end":{"line":77,"column":17}},"46":{"start":{"line":76,"column":21},"end":{"line":76,"column":111}},"47":{"start":{"line":80,"column":42},"end":{"line":80,"column":83}},"48":{"start":{"line":81,"column":36},"end":{"line":81,"column":69}},"49":{"start":{"line":82,"column":17},"end":{"line":85,"column":18}},"50":{"start":{"line":83,"column":20},"end":{"line":83,"column":80}},"51":{"start":{"line":84,"column":20},"end":{"line":84,"column":105}},"52":{"start":{"line":93,"column":37},"end":{"line":93,"column":50}},"53":{"start":{"line":94,"column":16},"end":{"line":96,"column":17}},"54":{"start":{"line":95,"column":20},"end":{"line":95,"column":154}},"55":{"start":{"line":99,"column":34},"end":{"line":104,"column":18}},"56":{"start":{"line":105,"column":16},"end":{"line":105,"column":51}},"57":{"start":{"line":106,"column":16},"end":{"line":106,"column":72}},"58":{"start":{"line":109,"column":38},"end":{"line":114,"column":18}},"59":{"start":{"line":115,"column":16},"end":{"line":115,"column":59}},"60":{"start":{"line":118,"column":16},"end":{"line":118,"column":47}},"61":{"start":{"line":122,"column":26},"end":{"line":127,"column":14}},"62":{"start":{"line":129,"column":31},"end":{"line":129,"column":68}},"63":{"start":{"line":132,"column":12},"end":{"line":142,"column":13}},"64":{"start":{"line":133,"column":16},"end":{"line":133,"column":45}},"65":{"start":{"line":134,"column":40},"end":{"line":134,"column":81}},"66":{"start":{"line":137,"column":38},"end":{"line":137,"column":150}},"67":{"start":{"line":137,"column":72},"end":{"line":137,"column":149}},"68":{"start":{"line":138,"column":17},"end":{"line":141,"column":18}},"69":{"start":{"line":139,"column":21},"end":{"line":139,"column":62}},"70":{"start":{"line":140,"column":21},"end":{"line":140,"column":67}},"71":{"start":{"line":145,"column":12},"end":{"line":145,"column":53}},"72":{"start":{"line":149,"column":12},"end":{"line":149,"column":50}},"73":{"start":{"line":151,"column":12},"end":{"line":151,"column":30}},"74":{"start":{"line":155,"column":12},"end":{"line":155,"column":52}},"75":{"start":{"line":156,"column":12},"end":{"line":156,"column":58}},"76":{"start":{"line":157,"column":12},"end":{"line":157,"column":24}},"77":{"start":{"line":160,"column":12},"end":{"line":160,"column":40}},"78":{"start":{"line":170,"column":8},"end":{"line":173,"column":11}},"79":{"start":{"line":181,"column":8},"end":{"line":181,"column":69}},"80":{"start":{"line":190,"column":8},"end":{"line":193,"column":11}},"81":{"start":{"line":206,"column":31},"end":{"line":206,"column":70}},"82":{"start":{"line":207,"column":9},"end":{"line":209,"column":10}},"83":{"start":{"line":208,"column":13},"end":{"line":208,"column":25}},"84":{"start":{"line":212,"column":31},"end":{"line":212,"column":74}},"85":{"start":{"line":213,"column":23},"end":{"line":213,"column":53}},"86":{"start":{"line":215,"column":8},"end":{"line":218,"column":9}},"87":{"start":{"line":216,"column":12},"end":{"line":216,"column":57}},"88":{"start":{"line":217,"column":12},"end":{"line":217,"column":73}},"89":{"start":{"line":221,"column":8},"end":{"line":224,"column":9}},"90":{"start":{"line":223,"column":12},"end":{"line":223,"column":57}},"91":{"start":{"line":227,"column":8},"end":{"line":227,"column":57}},"92":{"start":{"line":238,"column":22},"end":{"line":238,"column":61}},"93":{"start":{"line":239,"column":8},"end":{"line":241,"column":9}},"94":{"start":{"line":240,"column":12},"end":{"line":240,"column":25}},"95":{"start":{"line":242,"column":8},"end":{"line":244,"column":9}},"96":{"start":{"line":243,"column":12},"end":{"line":243,"column":94}},"97":{"start":{"line":253,"column":23},"end":{"line":253,"column":55}},"98":{"start":{"line":255,"column":8},"end":{"line":255,"column":56}},"99":{"start":{"line":23,"column":0},"end":{"line":23,"column":13}},"100":{"start":{"line":260,"column":13},"end":{"line":260,"column":47}}},"fnMap":{"0":{"name":"(anonymous_0)","decl":{"start":{"line":32,"column":4},"end":{"line":32,"column":9}},"loc":{"start":{"line":32,"column":42},"end":{"line":162,"column":5}}},"1":{"name":"(anonymous_1)","decl":{"start":{"line":54,"column":55},"end":{"line":54,"column":59}},"loc":{"start":{"line":54,"column":63},"end":{"line":54,"column":77}}},"2":{"name":"(anonymous_2)","decl":{"start":{"line":59,"column":54},"end":{"line":59,"column":55}},"loc":{"start":{"line":59,"column":59},"end":{"line":59,"column":63}}},"3":{"name":"(anonymous_3)","decl":{"start":{"line":60,"column":55},"end":{"line":60,"column":57}},"loc":{"start":{"line":60,"column":61},"end":{"line":60,"column":90}}},"4":{"name":"(anonymous_4)","decl":{"start":{"line":65,"column":52},"end":{"line":65,"column":53}},"loc":{"start":{"line":65,"column":57},"end":{"line":65,"column":66}}},"5":{"name":"(anonymous_5)","decl":{"start":{"line":137,"column":66},"end":{"line":137,"column":68}},"loc":{"start":{"line":137,"column":72},"end":{"line":137,"column":149}}},"6":{"name":"(anonymous_6)","decl":{"start":{"line":169,"column":4},"end":{"line":169,"column":9}},"loc":{"start":{"line":169,"column":29},"end":{"line":174,"column":5}}},"7":{"name":"(anonymous_7)","decl":{"start":{"line":180,"column":4},"end":{"line":180,"column":9}},"loc":{"start":{"line":180,"column":17},"end":{"line":182,"column":5}}},"8":{"name":"(anonymous_8)","decl":{"start":{"line":189,"column":5},"end":{"line":189,"column":10}},"loc":{"start":{"line":189,"column":42},"end":{"line":194,"column":6}}},"9":{"name":"(anonymous_9)","decl":{"start":{"line":204,"column":4},"end":{"line":204,"column":9}},"loc":{"start":{"line":204,"column":61},"end":{"line":228,"column":5}}},"10":{"name":"(anonymous_10)","decl":{"start":{"line":236,"column":4},"end":{"line":236,"column":9}},"loc":{"start":{"line":236,"column":27},"end":{"line":256,"column":5}}}},"branchMap":{"0":{"loc":{"start":{"line":37,"column":8},"end":{"line":40,"column":9}},"type":"if","locations":[{"start":{"line":37,"column":8},"end":{"line":40,"column":9}},{"start":{},"end":{}}]},"1":{"loc":{"start":{"line":50,"column":12},"end":{"line":52,"column":13}},"type":"if","locations":[{"start":{"line":50,"column":12},"end":{"line":52,"column":13}},{"start":{},"end":{}}]},"2":{"loc":{"start":{"line":57,"column":12},"end":{"line":62,"column":13}},"type":"if","locations":[{"start":{"line":57,"column":12},"end":{"line":62,"column":13}},{"start":{},"end":{}}]},"3":{"loc":{"start":{"line":74,"column":16},"end":{"line":77,"column":17}},"type":"if","locations":[{"start":{"line":74,"column":16},"end":{"line":77,"column":17}},{"start":{},"end":{}}]},"4":{"loc":{"start":{"line":82,"column":17},"end":{"line":85,"column":18}},"type":"if","locations":[{"start":{"line":82,"column":17},"end":{"line":85,"column":18}},{"start":{},"end":{}}]},"5":{"loc":{"start":{"line":94,"column":16},"end":{"line":96,"column":17}},"type":"if","locations":[{"start":{"line":94,"column":16},"end":{"line":96,"column":17}},{"start":{},"end":{}}]},"6":{"loc":{"start":{"line":137,"column":72},"end":{"line":137,"column":149}},"type":"binary-expr","locations":[{"start":{"line":137,"column":72},"end":{"line":137,"column":110}},{"start":{"line":137,"column":114},"end":{"line":137,"column":149}}]},"7":{"loc":{"start":{"line":138,"column":17},"end":{"line":141,"column":18}},"type":"if","locations":[{"start":{"line":138,"column":17},"end":{"line":141,"column":18}},{"start":{},"end":{}}]},"8":{"loc":{"start":{"line":207,"column":9},"end":{"line":209,"column":10}},"type":"if","locations":[{"start":{"line":207,"column":9},"end":{"line":209,"column":10}},{"start":{},"end":{}}]},"9":{"loc":{"start":{"line":215,"column":8},"end":{"line":218,"column":9}},"type":"if","locations":[{"start":{"line":215,"column":8},"end":{"line":218,"column":9}},{"start":{},"end":{}}]},"10":{"loc":{"start":{"line":221,"column":8},"end":{"line":224,"column":9}},"type":"if","locations":[{"start":{"line":221,"column":8},"end":{"line":224,"column":9}},{"start":{},"end":{}}]},"11":{"loc":{"start":{"line":239,"column":8},"end":{"line":241,"column":9}},"type":"if","locations":[{"start":{"line":239,"column":8},"end":{"line":241,"column":9}},{"start":{},"end":{}}]},"12":{"loc":{"start":{"line":242,"column":8},"end":{"line":244,"column":9}},"type":"if","locations":[{"start":{"line":242,"column":8},"end":{"line":244,"column":9}},{"start":{},"end":{}}]},"13":{"loc":{"start":{"line":255,"column":15},"end":{"line":255,"column":55}},"type":"binary-expr","locations":[{"start":{"line":255,"column":15},"end":{"line":255,"column":32}},{"start":{"line":255,"column":36},"end":{"line":255,"column":55}}]}},"s":{"0":1,"1":1,"2":1,"3":1,"4":1,"5":1,"6":1,"7":1,"8":1,"9":1,"10":1,"11":1,"12":1,"13":1,"14":1,"15":1,"16":1,"17":0,"18":0,"19":0,"20":0,"21":0,"22":0,"23":0,"24":0,"25":0,"26":0,"27":0,"28":0,"29":0,"30":0,"31":0,"32":0,"33":0,"34":0,"35":0,"36":0,"37":0,"38":0,"39":0,"40":0,"41":0,"42":0,"43":0,"44":0,"45":0,"46":0,"47":0,"48":0,"49":0,"50":0,"51":0,"52":0,"53":0,"54":0,"55":0,"56":0,"57":0,"58":0,"59":0,"60":0,"61":0,"62":0,"63":0,"64":0,"65":0,"66":0,"67":0,"68":0,"69":0,"70":0,"71":0,"72":0,"73":0,"74":0,"75":0,"76":0,"77":0,"78":0,"79":0,"80":0,"81":0,"82":0,"83":0,"84":0,"85":0,"86":0,"87":0,"88":0,"89":0,"90":0,"91":0,"92":0,"93":0,"94":0,"95":0,"96":0,"97":0,"98":0,"99":1,"100":1},"f":{"0":0,"1":0,"2":0,"3":0,"4":0,"5":0,"6":0,"7":0,"8":0,"9":0,"10":0},"b":{"0":[0,0],"1":[0,0],"2":[0,0],"3":[0,0],"4":[0,0],"5":[0,0],"6":[0,0],"7":[0,0],"8":[0,0],"9":[0,0],"10":[0,0],"11":[0,0],"12":[0,0],"13":[0,0]}}
,"/home/lucianosouzagt/projetos/ecommerce-api/src/services/ProductService.ts": {"path":"/home/lucianosouzagt/projetos/ecommerce-api/src/services/ProductService.ts","statementMap":{"0":{"start":{"line":3,"column":0},"end":{"line":3,"column":106}},"1":{"start":{"line":4,"column":0},"end":{"line":4,"column":43}},"2":{"start":{"line":11,"column":12},"end":{"line":11,"column":50}},"3":{"start":{"line":12,"column":12},"end":{"line":12,"column":null}},"4":{"start":{"line":16,"column":25},"end":{"line":16,"column":60}},"5":{"start":{"line":17,"column":8},"end":{"line":17,"column":24}},"6":{"start":{"line":25,"column":24},"end":{"line":25,"column":79}},"7":{"start":{"line":26,"column":8},"end":{"line":26,"column":23}},"8":{"start":{"line":32,"column":27},"end":{"line":32,"column":69}},"9":{"start":{"line":33,"column":23},"end":{"line":33,"column":49}},"10":{"start":{"line":34,"column":8},"end":{"line":41,"column":9}},"11":{"start":{"line":37,"column":13},"end":{"line":37,"column":75}},"12":{"start":{"line":39,"column":34},"end":{"line":39,"column":100}},"13":{"start":{"line":39,"column":52},"end":{"line":39,"column":88}},"14":{"start":{"line":40,"column":13},"end":{"line":40,"column":67}},"15":{"start":{"line":50,"column":29},"end":{"line":50,"column":74}},"16":{"start":{"line":51,"column":8},"end":{"line":51,"column":28}},"17":{"start":{"line":57,"column":32},"end":{"line":57,"column":87}},"18":{"start":{"line":58,"column":8},"end":{"line":60,"column":9}},"19":{"start":{"line":59,"column":12},"end":{"line":59,"column":24}},"20":{"start":{"line":63,"column":8},"end":{"line":63,"column":66}},"21":{"start":{"line":64,"column":23},"end":{"line":64,"column":54}},"22":{"start":{"line":65,"column":9},"end":{"line":69,"column":9}},"23":{"start":{"line":66,"column":13},"end":{"line":66,"column":85}},"24":{"start":{"line":67,"column":34},"end":{"line":67,"column":100}},"25":{"start":{"line":67,"column":52},"end":{"line":67,"column":88}},"26":{"start":{"line":68,"column":13},"end":{"line":68,"column":81}},"27":{"start":{"line":72,"column":31},"end":{"line":72,"column":81}},"28":{"start":{"line":73,"column":8},"end":{"line":73,"column":30}},"29":{"start":{"line":86,"column":29},"end":{"line":86,"column":68}},"30":{"start":{"line":89,"column":8},"end":{"line":89,"column":68}},"31":{"start":{"line":94,"column":23},"end":{"line":94,"column":59}},"32":{"start":{"line":95,"column":9},"end":{"line":95,"column":22}},"33":{"start":{"line":99,"column":24},"end":{"line":99,"column":90}},"34":{"start":{"line":100,"column":8},"end":{"line":100,"column":null}},"35":{"start":{"line":7,"column":0},"end":{"line":7,"column":13}},"36":{"start":{"line":105,"column":13},"end":{"line":105,"column":51}}},"fnMap":{"0":{"name":"(anonymous_0)","decl":{"start":{"line":7,"column":0},"end":{"line":7,"column":13}},"loc":{"start":{"line":7,"column":0},"end":{"line":102,"column":1}}},"1":{"name":"(anonymous_1)","decl":{"start":{"line":14,"column":4},"end":{"line":14,"column":9}},"loc":{"start":{"line":14,"column":17},"end":{"line":18,"column":5}}},"2":{"name":"(anonymous_2)","decl":{"start":{"line":21,"column":4},"end":{"line":21,"column":9}},"loc":{"start":{"line":21,"column":29},"end":{"line":27,"column":5}}},"3":{"name":"(anonymous_3)","decl":{"start":{"line":30,"column":4},"end":{"line":30,"column":9}},"loc":{"start":{"line":30,"column":46},"end":{"line":52,"column":5}}},"4":{"name":"(anonymous_4)","decl":{"start":{"line":39,"column":45},"end":{"line":39,"column":48}},"loc":{"start":{"line":39,"column":52},"end":{"line":39,"column":88}}},"5":{"name":"(anonymous_5)","decl":{"start":{"line":55,"column":4},"end":{"line":55,"column":9}},"loc":{"start":{"line":55,"column":57},"end":{"line":74,"column":5}}},"6":{"name":"(anonymous_6)","decl":{"start":{"line":67,"column":45},"end":{"line":67,"column":48}},"loc":{"start":{"line":67,"column":52},"end":{"line":67,"column":88}}},"7":{"name":"(anonymous_7)","decl":{"start":{"line":77,"column":4},"end":{"line":77,"column":9}},"loc":{"start":{"line":77,"column":27},"end":{"line":90,"column":5}}},"8":{"name":"(anonymous_8)","decl":{"start":{"line":93,"column":5},"end":{"line":93,"column":10}},"loc":{"start":{"line":93,"column":16},"end":{"line":96,"column":6}}},"9":{"name":"(anonymous_9)","decl":{"start":{"line":98,"column":5},"end":{"line":98,"column":10}},"loc":{"start":{"line":98,"column":28},"end":{"line":101,"column":5}}}},"branchMap":{"0":{"loc":{"start":{"line":34,"column":8},"end":{"line":41,"column":9}},"type":"if","locations":[{"start":{"line":34,"column":8},"end":{"line":41,"column":9}},{"start":{},"end":{}}]},"1":{"loc":{"start":{"line":39,"column":66},"end":{"line":39,"column":87}},"type":"binary-expr","locations":[{"start":{"line":39,"column":66},"end":{"line":39,"column":81}},{"start":{"line":39,"column":85},"end":{"line":39,"column":87}}]},"2":{"loc":{"start":{"line":58,"column":8},"end":{"line":60,"column":9}},"type":"if","locations":[{"start":{"line":58,"column":8},"end":{"line":60,"column":9}},{"start":{},"end":{}}]},"3":{"loc":{"start":{"line":65,"column":9},"end":{"line":69,"column":9}},"type":"if","locations":[{"start":{"line":65,"column":9},"end":{"line":69,"column":9}},{"start":{},"end":{}}]},"4":{"loc":{"start":{"line":67,"column":66},"end":{"line":67,"column":87}},"type":"binary-expr","locations":[{"start":{"line":67,"column":66},"end":{"line":67,"column":81}},{"start":{"line":67,"column":85},"end":{"line":67,"column":87}}]},"5":{"loc":{"start":{"line":89,"column":15},"end":{"line":89,"column":67}},"type":"binary-expr","locations":[{"start":{"line":89,"column":15},"end":{"line":89,"column":38}},{"start":{"line":89,"column":42},"end":{"line":89,"column":67}}]}},"s":{"0":1,"1":1,"2":1,"3":1,"4":0,"5":0,"6":0,"7":0,"8":0,"9":0,"10":0,"11":0,"12":0,"13":0,"14":0,"15":0,"16":0,"17":0,"18":0,"19":0,"20":0,"21":0,"22":0,"23":0,"24":0,"25":0,"26":0,"27":0,"28":0,"29":0,"30":0,"31":0,"32":0,"33":0,"34":0,"35":1,"36":1},"f":{"0":1,"1":0,"2":0,"3":0,"4":0,"5":0,"6":0,"7":0,"8":0,"9":0},"b":{"0":[0,0],"1":[0,0],"2":[0,0],"3":[0,0],"4":[0,0],"5":[0,0]}}
,"/home/lucianosouzagt/projetos/ecommerce-api/src/services/StockMovementService.ts": {"path":"/home/lucianosouzagt/projetos/ecommerce-api/src/services/StockMovementService.ts","statementMap":{"0":{"start":{"line":2,"column":0},"end":{"line":2,"column":43}},"1":{"start":{"line":3,"column":0},"end":{"line":3,"column":52}},"2":{"start":{"line":4,"column":0},"end":{"line":4,"column":67}},"3":{"start":{"line":5,"column":0},"end":{"line":5,"column":55}},"4":{"start":{"line":6,"column":0},"end":{"line":6,"column":44}},"5":{"start":{"line":10,"column":0},"end":{"line":10,"column":87}},"6":{"start":{"line":12,"column":32},"end":{"line":12,"column":74}},"7":{"start":{"line":13,"column":26},"end":{"line":13,"column":62}},"8":{"start":{"line":25,"column":34},"end":{"line":25,"column":87}},"9":{"start":{"line":26,"column":24},"end":{"line":26,"column":56}},"10":{"start":{"line":28,"column":9},"end":{"line":31,"column":10}},"11":{"start":{"line":29,"column":13},"end":{"line":29,"column":58}},"12":{"start":{"line":30,"column":13},"end":{"line":30,"column":73}},"13":{"start":{"line":34,"column":28},"end":{"line":34,"column":61}},"14":{"start":{"line":35,"column":8},"end":{"line":35,"column":36}},"15":{"start":{"line":36,"column":8},"end":{"line":36,"column":45}},"16":{"start":{"line":38,"column":8},"end":{"line":71,"column":9}},"17":{"start":{"line":40,"column":28},"end":{"line":40,"column":108}},"18":{"start":{"line":41,"column":12},"end":{"line":43,"column":13}},"19":{"start":{"line":42,"column":16},"end":{"line":42,"column":96}},"20":{"start":{"line":46,"column":34},"end":{"line":50,"column":14}},"21":{"start":{"line":52,"column":35},"end":{"line":52,"column":80}},"22":{"start":{"line":55,"column":13},"end":{"line":55,"column":56}},"23":{"start":{"line":56,"column":13},"end":{"line":56,"column":53}},"24":{"start":{"line":59,"column":13},"end":{"line":59,"column":51}},"25":{"start":{"line":61,"column":13},"end":{"line":61,"column":34}},"26":{"start":{"line":65,"column":12},"end":{"line":65,"column":52}},"27":{"start":{"line":66,"column":12},"end":{"line":66,"column":72}},"28":{"start":{"line":67,"column":12},"end":{"line":67,"column":24}},"29":{"start":{"line":70,"column":13},"end":{"line":70,"column":41}},"30":{"start":{"line":80,"column":8},"end":{"line":83,"column":11}},"31":{"start":{"line":91,"column":8},"end":{"line":91,"column":78}},"32":{"start":{"line":100,"column":8},"end":{"line":103,"column":11}},"33":{"start":{"line":113,"column":24},"end":{"line":117,"column":25}},"34":{"start":{"line":119,"column":9},"end":{"line":119,"column":57}},"35":{"start":{"line":15,"column":0},"end":{"line":15,"column":13}},"36":{"start":{"line":126,"column":13},"end":{"line":126,"column":63}}},"fnMap":{"0":{"name":"(anonymous_0)","decl":{"start":{"line":23,"column":4},"end":{"line":23,"column":9}},"loc":{"start":{"line":23,"column":53},"end":{"line":72,"column":5}}},"1":{"name":"(anonymous_1)","decl":{"start":{"line":79,"column":4},"end":{"line":79,"column":9}},"loc":{"start":{"line":79,"column":29},"end":{"line":84,"column":5}}},"2":{"name":"(anonymous_2)","decl":{"start":{"line":90,"column":4},"end":{"line":90,"column":9}},"loc":{"start":{"line":90,"column":17},"end":{"line":92,"column":5}}},"3":{"name":"(anonymous_3)","decl":{"start":{"line":99,"column":5},"end":{"line":99,"column":10}},"loc":{"start":{"line":99,"column":44},"end":{"line":104,"column":6}}},"4":{"name":"(anonymous_4)","decl":{"start":{"line":112,"column":5},"end":{"line":112,"column":10}},"loc":{"start":{"line":112,"column":50},"end":{"line":120,"column":6}}}},"branchMap":{"0":{"loc":{"start":{"line":28,"column":9},"end":{"line":31,"column":10}},"type":"if","locations":[{"start":{"line":28,"column":9},"end":{"line":31,"column":10}},{"start":{},"end":{}}]},"1":{"loc":{"start":{"line":41,"column":12},"end":{"line":43,"column":13}},"type":"if","locations":[{"start":{"line":41,"column":12},"end":{"line":43,"column":13}},{"start":{},"end":{}}]},"2":{"loc":{"start":{"line":119,"column":16},"end":{"line":119,"column":56}},"type":"cond-expr","locations":[{"start":{"line":119,"column":25},"end":{"line":119,"column":52}},{"start":{"line":119,"column":55},"end":{"line":119,"column":56}}]},"3":{"loc":{"start":{"line":119,"column":25},"end":{"line":119,"column":52}},"type":"binary-expr","locations":[{"start":{"line":119,"column":25},"end":{"line":119,"column":47}},{"start":{"line":119,"column":51},"end":{"line":119,"column":52}}]}},"s":{"0":1,"1":1,"2":1,"3":1,"4":1,"5":1,"6":1,"7":1,"8":0,"9":0,"10":0,"11":0,"12":0,"13":0,"14":0,"15":0,"16":0,"17":0,"18":0,"19":0,"20":0,"21":0,"22":0,"23":0,"24":0,"25":0,"26":0,"27":0,"28":0,"29":0,"30":0,"31":0,"32":0,"33":0,"34":0,"35":1,"36":1},"f":{"0":0,"1":0,"2":0,"3":0,"4":0},"b":{"0":[0,0],"1":[0,0],"2":[0,0],"3":[0,0]}}
,"/home/lucianosouzagt/projetos/ecommerce-api/src/services/UserService.ts": {"path":"/home/lucianosouzagt/projetos/ecommerce-api/src/services/UserService.ts","statementMap":{"0":{"start":{"line":2,"column":0},"end":{"line":2,"column":43}},"1":{"start":{"line":3,"column":0},"end":{"line":3,"column":52}},"2":{"start":{"line":4,"column":0},"end":{"line":4,"column":49}},"3":{"start":{"line":5,"column":0},"end":{"line":5,"column":44}},"4":{"start":{"line":6,"column":0},"end":{"line":6,"column":28}},"5":{"start":{"line":10,"column":0},"end":{"line":10,"column":60}},"6":{"start":{"line":11,"column":0},"end":{"line":11,"column":60}},"7":{"start":{"line":13,"column":23},"end":{"line":13,"column":56}},"8":{"start":{"line":14,"column":19},"end":{"line":14,"column":21}},"9":{"start":{"line":27,"column":29},"end":{"line":27,"column":69}},"10":{"start":{"line":28,"column":23},"end":{"line":28,"column":51}},"11":{"start":{"line":30,"column":8},"end":{"line":33,"column":9}},"12":{"start":{"line":31,"column":12},"end":{"line":31,"column":57}},"13":{"start":{"line":32,"column":12},"end":{"line":32,"column":59}},"14":{"start":{"line":36,"column":29},"end":{"line":36,"column":90}},"15":{"start":{"line":37,"column":8},"end":{"line":39,"column":9}},"16":{"start":{"line":38,"column":12},"end":{"line":38,"column":68}},"17":{"start":{"line":42,"column":31},"end":{"line":42,"column":83}},"18":{"start":{"line":45,"column":21},"end":{"line":51,"column":10}},"19":{"start":{"line":53,"column":26},"end":{"line":53,"column":57}},"20":{"start":{"line":62,"column":8},"end":{"line":62,"column":25}},"21":{"start":{"line":73,"column":22},"end":{"line":77,"column":22}},"22":{"start":{"line":79,"column":9},"end":{"line":79,"column":21}},"23":{"start":{"line":89,"column":8},"end":{"line":89,"column":66}},"24":{"start":{"line":97,"column":23},"end":{"line":100,"column":23}},"25":{"start":{"line":102,"column":9},"end":{"line":102,"column":22}},"26":{"start":{"line":115,"column":30},"end":{"line":115,"column":68}},"27":{"start":{"line":116,"column":9},"end":{"line":118,"column":10}},"28":{"start":{"line":117,"column":13},"end":{"line":117,"column":25}},"29":{"start":{"line":121,"column":31},"end":{"line":121,"column":73}},"30":{"start":{"line":122,"column":23},"end":{"line":122,"column":53}},"31":{"start":{"line":124,"column":8},"end":{"line":127,"column":9}},"32":{"start":{"line":125,"column":12},"end":{"line":125,"column":57}},"33":{"start":{"line":126,"column":12},"end":{"line":126,"column":74}},"34":{"start":{"line":130,"column":8},"end":{"line":134,"column":9}},"35":{"start":{"line":131,"column":12},"end":{"line":131,"column":91}},"36":{"start":{"line":133,"column":12},"end":{"line":133,"column":43}},"37":{"start":{"line":138,"column":8},"end":{"line":138,"column":59}},"38":{"start":{"line":140,"column":26},"end":{"line":140,"column":65}},"39":{"start":{"line":144,"column":8},"end":{"line":144,"column":25}},"40":{"start":{"line":155,"column":22},"end":{"line":155,"column":60}},"41":{"start":{"line":156,"column":9},"end":{"line":158,"column":10}},"42":{"start":{"line":157,"column":13},"end":{"line":157,"column":26}},"43":{"start":{"line":159,"column":9},"end":{"line":166,"column":10}},"44":{"start":{"line":169,"column":23},"end":{"line":169,"column":54}},"45":{"start":{"line":171,"column":8},"end":{"line":171,"column":56}},"46":{"start":{"line":16,"column":0},"end":{"line":16,"column":13}},"47":{"start":{"line":176,"column":13},"end":{"line":176,"column":45}}},"fnMap":{"0":{"name":"(anonymous_1)","decl":{"start":{"line":25,"column":4},"end":{"line":25,"column":9}},"loc":{"start":{"line":25,"column":40},"end":{"line":63,"column":5}}},"1":{"name":"(anonymous_2)","decl":{"start":{"line":70,"column":4},"end":{"line":70,"column":9}},"loc":{"start":{"line":70,"column":29},"end":{"line":80,"column":5}}},"2":{"name":"(anonymous_3)","decl":{"start":{"line":87,"column":4},"end":{"line":87,"column":9}},"loc":{"start":{"line":87,"column":47},"end":{"line":90,"column":5}}},"3":{"name":"(anonymous_4)","decl":{"start":{"line":96,"column":4},"end":{"line":96,"column":9}},"loc":{"start":{"line":96,"column":17},"end":{"line":103,"column":5}}},"4":{"name":"(anonymous_5)","decl":{"start":{"line":113,"column":4},"end":{"line":113,"column":9}},"loc":{"start":{"line":113,"column":54},"end":{"line":145,"column":5}}},"5":{"name":"(anonymous_6)","decl":{"start":{"line":153,"column":4},"end":{"line":153,"column":9}},"loc":{"start":{"line":153,"column":27},"end":{"line":172,"column":5}}}},"branchMap":{"0":{"loc":{"start":{"line":30,"column":8},"end":{"line":33,"column":9}},"type":"if","locations":[{"start":{"line":30,"column":8},"end":{"line":33,"column":9}},{"start":{},"end":{}}]},"1":{"loc":{"start":{"line":37,"column":8},"end":{"line":39,"column":9}},"type":"if","locations":[{"start":{"line":37,"column":8},"end":{"line":39,"column":9}},{"start":{},"end":{}}]},"2":{"loc":{"start":{"line":49,"column":18},"end":{"line":49,"column":45}},"type":"binary-expr","locations":[{"start":{"line":49,"column":18},"end":{"line":49,"column":35}},{"start":{"line":49,"column":39},"end":{"line":49,"column":45}}]},"3":{"loc":{"start":{"line":116,"column":9},"end":{"line":118,"column":10}},"type":"if","locations":[{"start":{"line":116,"column":9},"end":{"line":118,"column":10}},{"start":{},"end":{}}]},"4":{"loc":{"start":{"line":124,"column":8},"end":{"line":127,"column":9}},"type":"if","locations":[{"start":{"line":124,"column":8},"end":{"line":127,"column":9}},{"start":{},"end":{}}]},"5":{"loc":{"start":{"line":130,"column":8},"end":{"line":134,"column":9}},"type":"if","locations":[{"start":{"line":130,"column":8},"end":{"line":134,"column":9}},{"start":{},"end":{}}]},"6":{"loc":{"start":{"line":156,"column":9},"end":{"line":158,"column":10}},"type":"if","locations":[{"start":{"line":156,"column":9},"end":{"line":158,"column":10}},{"start":{},"end":{}}]},"7":{"loc":{"start":{"line":159,"column":9},"end":{"line":166,"column":10}},"type":"if","locations":[{"start":{"line":159,"column":9},"end":{"line":166,"column":10}},{"start":{},"end":{}}]},"8":{"loc":{"start":{"line":171,"column":15},"end":{"line":171,"column":55}},"type":"binary-expr","locations":[{"start":{"line":171,"column":15},"end":{"line":171,"column":32}},{"start":{"line":171,"column":36},"end":{"line":171,"column":55}}]}},"s":{"0":1,"1":1,"2":1,"3":1,"4":1,"5":1,"6":1,"7":1,"8":1,"9":0,"10":0,"11":0,"12":0,"13":0,"14":0,"15":0,"16":0,"17":0,"18":0,"19":0,"20":0,"21":0,"22":0,"23":0,"24":0,"25":0,"26":0,"27":0,"28":0,"29":0,"30":0,"31":0,"32":0,"33":0,"34":0,"35":0,"36":0,"37":0,"38":0,"39":0,"40":0,"41":0,"42":0,"43":0,"44":0,"45":0,"46":1,"47":1},"f":{"0":0,"1":0,"2":0,"3":0,"4":0,"5":0},"b":{"0":[0,0],"1":[0,0],"2":[0,0],"3":[0,0],"4":[0,0],"5":[0,0],"6":[0,0],"7":[0,0],"8":[0,0]}}
,"/home/lucianosouzagt/projetos/ecommerce-api/src/services/index.ts": {"path":"/home/lucianosouzagt/projetos/ecommerce-api/src/services/index.ts","statementMap":{"0":{"start":{"line":2,"column":0},"end":{"line":2,"column":32}},"1":{"start":{"line":3,"column":0},"end":{"line":3,"column":31}},"2":{"start":{"line":4,"column":0},"end":{"line":4,"column":33}},"3":{"start":{"line":5,"column":0},"end":{"line":5,"column":39}},"4":{"start":{"line":6,"column":0},"end":{"line":6,"column":30}}},"fnMap":{},"branchMap":{},"s":{"0":1,"1":1,"2":1,"3":1,"4":1},"f":{},"b":{}}
}
