TN:
SF:src/database/entities/Client.ts
FN:9,(anonymous_2)
FN:39,(anonymous_3)
FN:39,(anonymous_4)
FN:42,(anonymous_5)
FN:46,(anonymous_6)
FN:50,(anonymous_7)
FNF:6
FNH:0
FNDA:0,(anonymous_2)
FNDA:0,(anonymous_3)
FNDA:0,(anonymous_4)
FNDA:0,(anonymous_5)
FNDA:0,(anonymous_6)
FNDA:0,(anonymous_7)
DA:2,1
DA:3,1
DA:5,1
DA:6,1
DA:9,1
DA:12,1
DA:18,1
DA:23,1
DA:28,1
DA:33,1
DA:37,1
DA:39,0
DA:40,1
DA:42,0
DA:44,1
DA:46,0
DA:48,1
DA:50,0
DA:52,1
LF:19
LH:15
BRF:0
BRH:0
end_of_record
TN:
SF:src/database/entities/Order.ts
FN:19,(anonymous_2)
FN:19,(anonymous_3)
FN:38,(anonymous_4)
FN:38,(anonymous_5)
FN:41,(anonymous_6)
FN:45,(anonymous_7)
FN:49,(anonymous_8)
FNF:7
FNH:0
FNDA:0,(anonymous_2)
FNDA:0,(anonymous_3)
FNDA:0,(anonymous_4)
FNDA:0,(anonymous_5)
FNDA:0,(anonymous_6)
FNDA:0,(anonymous_7)
FNDA:0,(anonymous_8)
DA:2,1
DA:3,1
DA:5,1
DA:6,1
DA:7,1
DA:10,1
DA:13,1
DA:17,1
DA:19,0
DA:21,1
DA:25,1
DA:31,1
DA:36,1
DA:38,0
DA:39,1
DA:41,0
DA:43,1
DA:45,0
DA:47,1
DA:49,0
DA:51,1
LF:21
LH:16
BRF:0
BRH:0
end_of_record
TN:
SF:src/database/entities/OrderItem.ts
FN:35,(anonymous_2)
FN:35,(anonymous_3)
FN:39,(anonymous_4)
FN:39,(anonymous_5)
FN:43,(anonymous_6)
FN:43,(anonymous_7)
FN:46,(anonymous_8)
FN:50,(anonymous_9)
FN:54,(anonymous_10)
FNF:9
FNH:0
FNDA:0,(anonymous_2)
FNDA:0,(anonymous_3)
FNDA:0,(anonymous_4)
FNDA:0,(anonymous_5)
FNDA:0,(anonymous_6)
FNDA:0,(anonymous_7)
FNDA:0,(anonymous_8)
FNDA:0,(anonymous_9)
FNDA:0,(anonymous_10)
DA:2,1
DA:3,1
DA:5,1
DA:6,1
DA:7,1
DA:8,1
DA:11,1
DA:14,1
DA:18,1
DA:22,1
DA:28,1
DA:33,1
DA:35,0
DA:37,1
DA:39,0
DA:41,1
DA:43,0
DA:44,1
DA:46,0
DA:48,1
DA:50,0
DA:52,1
DA:54,0
DA:56,1
LF:24
LH:18
BRF:0
BRH:0
end_of_record
TN:
SF:src/database/entities/Product.ts
FN:9,(anonymous_2)
FN:44,(anonymous_3)
FN:48,(anonymous_4)
FN:52,(anonymous_5)
FN:56,(anonymous_6)
FN:56,(anonymous_7)
FN:59,(anonymous_8)
FN:59,(anonymous_9)
FNF:8
FNH:0
FNDA:0,(anonymous_2)
FNDA:0,(anonymous_3)
FNDA:0,(anonymous_4)
FNDA:0,(anonymous_5)
FNDA:0,(anonymous_6)
FNDA:0,(anonymous_7)
FNDA:0,(anonymous_8)
FNDA:0,(anonymous_9)
DA:1,1
DA:2,1
DA:4,1
DA:5,1
DA:6,1
DA:9,1
DA:12,1
DA:18,1
DA:23,1
DA:28,1
DA:33,1
DA:38,1
DA:42,1
DA:44,0
DA:46,1
DA:48,0
DA:50,1
DA:52,0
DA:54,1
DA:56,0
DA:57,1
DA:59,0
DA:60,1
LF:23
LH:18
BRF:0
BRH:0
end_of_record
TN:
SF:src/database/entities/StockMovement.ts
FN:21,(anonymous_2)
FN:21,(anonymous_3)
FN:25,(anonymous_4)
FN:25,(anonymous_5)
FN:43,(anonymous_6)
FN:47,(anonymous_7)
FN:51,(anonymous_8)
FNF:7
FNH:0
FNDA:0,(anonymous_2)
FNDA:0,(anonymous_3)
FNDA:0,(anonymous_4)
FNDA:0,(anonymous_5)
FNDA:0,(anonymous_6)
FNDA:0,(anonymous_7)
FNDA:0,(anonymous_8)
DA:2,1
DA:3,1
DA:5,1
DA:6,1
DA:7,1
DA:12,1
DA:15,1
DA:19,1
DA:21,0
DA:23,1
DA:25,0
DA:27,1
DA:31,1
DA:36,1
DA:41,1
DA:43,0
DA:45,1
DA:47,0
DA:49,1
DA:51,0
DA:53,1
LF:21
LH:16
BRF:0
BRH:0
end_of_record
TN:
SF:src/database/entities/User.ts
FN:46,(anonymous_2)
FN:46,(anonymous_3)
FN:49,(anonymous_4)
FN:49,(anonymous_5)
FN:52,(anonymous_6)
FN:52,(anonymous_7)
FN:55,(anonymous_8)
FN:55,(anonymous_9)
FN:58,(anonymous_10)
FN:58,(anonymous_11)
FN:61,(anonymous_12)
FN:61,(anonymous_13)
FN:64,(anonymous_14)
FN:68,(anonymous_15)
FNF:14
FNH:0
FNDA:0,(anonymous_2)
FNDA:0,(anonymous_3)
FNDA:0,(anonymous_4)
FNDA:0,(anonymous_5)
FNDA:0,(anonymous_6)
FNDA:0,(anonymous_7)
FNDA:0,(anonymous_8)
FNDA:0,(anonymous_9)
FNDA:0,(anonymous_10)
FNDA:0,(anonymous_11)
FNDA:0,(anonymous_12)
FNDA:0,(anonymous_13)
FNDA:0,(anonymous_14)
FNDA:0,(anonymous_15)
DA:2,1
DA:3,1
DA:5,1
DA:6,1
DA:7,1
DA:8,1
DA:9,1
DA:15,1
DA:18,1
DA:24,1
DA:29,1
DA:34,1
DA:39,1
DA:43,1
DA:46,0
DA:47,1
DA:49,0
DA:50,1
DA:52,0
DA:53,1
DA:55,0
DA:56,1
DA:58,0
DA:59,1
DA:61,0
DA:62,1
DA:64,0
DA:66,1
DA:68,0
DA:70,1
DA:74,1
LF:31
LH:23
BRF:0
BRH:0
end_of_record
TN:
SF:src/dtos/clients/CreateClientsDTO.ts
FNF:0
FNH:0
DA:2,2
DA:4,2
DA:8,2
DA:11,2
DA:15,2
LF:5
LH:5
BRF:0
BRH:0
end_of_record
TN:
SF:src/dtos/orders/CreateOrderDTO.ts
FN:12,(anonymous_2)
FNF:1
FNH:0
FNDA:0,(anonymous_2)
DA:2,1
DA:3,1
DA:4,1
DA:6,1
DA:8,1
DA:12,0
DA:13,1
LF:7
LH:6
BRF:0
BRH:0
end_of_record
TN:
SF:src/dtos/orders/CreateOrderItemDTO.ts
FNF:0
FNH:0
DA:2,1
DA:4,1
DA:6,1
DA:10,1
LF:4
LH:4
BRF:0
BRH:0
end_of_record
TN:
SF:src/dtos/orders/UpdateOrderDTO.ts
FNF:0
FNH:0
DA:2,1
DA:4,1
DA:8,1
LF:3
LH:3
BRF:0
BRH:0
end_of_record
TN:
SF:src/dtos/stockMovements/CreateStockMovementDTO.ts
FNF:0
FNH:0
DA:2,1
DA:4,1
DA:6,1
DA:10,1
DA:14,1
DA:18,1
DA:23,1
LF:7
LH:7
BRF:0
BRH:0
end_of_record
TN:
SF:src/dtos/users/CreateUserDTO.ts
FNF:0
FNH:0
DA:2,1
DA:4,1
DA:7,1
DA:10,1
DA:14,1
DA:19,1
LF:6
LH:6
BRF:0
BRH:0
end_of_record
TN:
SF:src/dtos/users/UpdateUserDTO.ts
FNF:0
FNH:0
DA:2,1
DA:4,1
DA:8,1
DA:12,1
DA:17,1
DA:22,1
LF:6
LH:6
BRF:0
BRH:0
end_of_record
TN:
SF:src/services/ClientService.ts
FN:20,(anonymous_0)
FN:25,(anonymous_1)
FN:29,(anonymous_2)
FN:45,(anonymous_3)
FN:49,(anonymous_4)
FN:53,(anonymous_5)
FN:63,(anonymous_6)
FNF:7
FNH:4
FNDA:2,(anonymous_0)
FNDA:3,(anonymous_1)
FNDA:2,(anonymous_2)
FNDA:2,(anonymous_3)
FNDA:0,(anonymous_4)
FNDA:0,(anonymous_5)
FNDA:0,(anonymous_6)
DA:2,1
DA:3,1
DA:5,1
DA:6,1
DA:10,1
DA:15,1
DA:22,2
DA:26,3
DA:27,3
DA:28,3
DA:29,2
DA:30,1
DA:33,2
DA:34,2
DA:35,1
DA:38,1
DA:39,1
DA:41,1
DA:46,2
DA:50,0
DA:54,0
DA:55,0
DA:56,0
DA:58,0
DA:59,0
DA:60,0
DA:64,0
DA:65,0
DA:70,1
LF:29
LH:20
BRDA:22,0,0,2
BRDA:22,0,1,2
BRDA:28,1,0,1
BRDA:28,1,1,2
BRDA:29,2,0,2
BRDA:29,2,1,0
BRDA:34,3,0,1
BRDA:34,3,1,1
BRDA:55,4,0,0
BRDA:55,4,1,0
BRDA:65,5,0,0
BRDA:65,5,1,0
BRF:12
BRH:7
end_of_record
TN:
SF:src/services/OrderService.ts
FN:32,(anonymous_0)
FN:54,(anonymous_1)
FN:59,(anonymous_2)
FN:60,(anonymous_3)
FN:65,(anonymous_4)
FN:137,(anonymous_5)
FN:169,(anonymous_6)
FN:180,(anonymous_7)
FN:189,(anonymous_8)
FN:204,(anonymous_9)
FN:236,(anonymous_10)
FNF:11
FNH:0
FNDA:0,(anonymous_0)
FNDA:0,(anonymous_1)
FNDA:0,(anonymous_2)
FNDA:0,(anonymous_3)
FNDA:0,(anonymous_4)
FNDA:0,(anonymous_5)
FNDA:0,(anonymous_6)
FNDA:0,(anonymous_7)
FNDA:0,(anonymous_8)
FNDA:0,(anonymous_9)
FNDA:0,(anonymous_10)
DA:2,1
DA:3,1
DA:4,1
DA:5,1
DA:6,1
DA:7,1
DA:8,1
DA:9,1
DA:10,1
DA:13,1
DA:14,1
DA:15,1
DA:17,1
DA:18,1
DA:19,1
DA:20,1
DA:21,1
DA:23,1
DA:34,0
DA:35,0
DA:37,0
DA:38,0
DA:39,0
DA:43,0
DA:44,0
DA:45,0
DA:47,0
DA:49,0
DA:50,0
DA:51,0
DA:54,0
DA:55,0
DA:57,0
DA:59,0
DA:60,0
DA:61,0
DA:65,0
DA:68,0
DA:69,0
DA:70,0
DA:72,0
DA:73,0
DA:74,0
DA:76,0
DA:80,0
DA:81,0
DA:82,0
DA:83,0
DA:84,0
DA:93,0
DA:94,0
DA:95,0
DA:99,0
DA:105,0
DA:106,0
DA:109,0
DA:115,0
DA:118,0
DA:122,0
DA:129,0
DA:132,0
DA:133,0
DA:134,0
DA:137,0
DA:138,0
DA:139,0
DA:140,0
DA:145,0
DA:149,0
DA:151,0
DA:155,0
DA:156,0
DA:157,0
DA:160,0
DA:170,0
DA:181,0
DA:190,0
DA:206,0
DA:207,0
DA:208,0
DA:212,0
DA:213,0
DA:215,0
DA:216,0
DA:217,0
DA:221,0
DA:223,0
DA:227,0
DA:238,0
DA:239,0
DA:240,0
DA:242,0
DA:243,0
DA:253,0
DA:255,0
DA:260,1
LF:96
LH:19
BRDA:37,0,0,0
BRDA:37,0,1,0
BRDA:50,1,0,0
BRDA:50,1,1,0
BRDA:57,2,0,0
BRDA:57,2,1,0
BRDA:74,3,0,0
BRDA:74,3,1,0
BRDA:82,4,0,0
BRDA:82,4,1,0
BRDA:94,5,0,0
BRDA:94,5,1,0
BRDA:137,6,0,0
BRDA:137,6,1,0
BRDA:138,7,0,0
BRDA:138,7,1,0
BRDA:207,8,0,0
BRDA:207,8,1,0
BRDA:215,9,0,0
BRDA:215,9,1,0
BRDA:221,10,0,0
BRDA:221,10,1,0
BRDA:239,11,0,0
BRDA:239,11,1,0
BRDA:242,12,0,0
BRDA:242,12,1,0
BRDA:255,13,0,0
BRDA:255,13,1,0
BRF:28
BRH:0
end_of_record
TN:
SF:src/services/ProductService.ts
FN:7,(anonymous_0)
FN:14,(anonymous_1)
FN:21,(anonymous_2)
FN:30,(anonymous_3)
FN:39,(anonymous_4)
FN:55,(anonymous_5)
FN:67,(anonymous_6)
FN:77,(anonymous_7)
FN:93,(anonymous_8)
FN:98,(anonymous_9)
FNF:10
FNH:1
FNDA:1,(anonymous_0)
FNDA:0,(anonymous_1)
FNDA:0,(anonymous_2)
FNDA:0,(anonymous_3)
FNDA:0,(anonymous_4)
FNDA:0,(anonymous_5)
FNDA:0,(anonymous_6)
FNDA:0,(anonymous_7)
FNDA:0,(anonymous_8)
FNDA:0,(anonymous_9)
DA:3,1
DA:4,1
DA:7,1
DA:11,1
DA:12,1
DA:16,0
DA:17,0
DA:25,0
DA:26,0
DA:32,0
DA:33,0
DA:34,0
DA:37,0
DA:39,0
DA:40,0
DA:50,0
DA:51,0
DA:57,0
DA:58,0
DA:59,0
DA:63,0
DA:64,0
DA:65,0
DA:66,0
DA:67,0
DA:68,0
DA:72,0
DA:73,0
DA:86,0
DA:89,0
DA:94,0
DA:95,0
DA:99,0
DA:100,0
DA:105,1
LF:35
LH:6
BRDA:34,0,0,0
BRDA:34,0,1,0
BRDA:39,1,0,0
BRDA:39,1,1,0
BRDA:58,2,0,0
BRDA:58,2,1,0
BRDA:65,3,0,0
BRDA:65,3,1,0
BRDA:67,4,0,0
BRDA:67,4,1,0
BRDA:89,5,0,0
BRDA:89,5,1,0
BRF:12
BRH:0
end_of_record
TN:
SF:src/services/StockMovementService.ts
FN:23,(anonymous_0)
FN:79,(anonymous_1)
FN:90,(anonymous_2)
FN:99,(anonymous_3)
FN:112,(anonymous_4)
FNF:5
FNH:0
FNDA:0,(anonymous_0)
FNDA:0,(anonymous_1)
FNDA:0,(anonymous_2)
FNDA:0,(anonymous_3)
FNDA:0,(anonymous_4)
DA:2,1
DA:3,1
DA:4,1
DA:5,1
DA:6,1
DA:10,1
DA:12,1
DA:13,1
DA:15,1
DA:25,0
DA:26,0
DA:28,0
DA:29,0
DA:30,0
DA:34,0
DA:35,0
DA:36,0
DA:38,0
DA:40,0
DA:41,0
DA:42,0
DA:46,0
DA:52,0
DA:55,0
DA:56,0
DA:59,0
DA:61,0
DA:65,0
DA:66,0
DA:67,0
DA:70,0
DA:80,0
DA:91,0
DA:100,0
DA:113,0
DA:119,0
DA:126,1
LF:37
LH:10
BRDA:28,0,0,0
BRDA:28,0,1,0
BRDA:41,1,0,0
BRDA:41,1,1,0
BRDA:119,2,0,0
BRDA:119,2,1,0
BRDA:119,3,0,0
BRDA:119,3,1,0
BRF:8
BRH:0
end_of_record
TN:
SF:src/services/UserService.ts
FN:25,(anonymous_1)
FN:70,(anonymous_2)
FN:87,(anonymous_3)
FN:96,(anonymous_4)
FN:113,(anonymous_5)
FN:153,(anonymous_6)
FNF:6
FNH:0
FNDA:0,(anonymous_1)
FNDA:0,(anonymous_2)
FNDA:0,(anonymous_3)
FNDA:0,(anonymous_4)
FNDA:0,(anonymous_5)
FNDA:0,(anonymous_6)
DA:2,1
DA:3,1
DA:4,1
DA:5,1
DA:6,1
DA:10,1
DA:11,1
DA:13,1
DA:14,1
DA:16,1
DA:27,0
DA:28,0
DA:30,0
DA:31,0
DA:32,0
DA:36,0
DA:37,0
DA:38,0
DA:42,0
DA:45,0
DA:53,0
DA:62,0
DA:73,0
DA:79,0
DA:89,0
DA:97,0
DA:102,0
DA:115,0
DA:116,0
DA:117,0
DA:121,0
DA:122,0
DA:124,0
DA:125,0
DA:126,0
DA:130,0
DA:131,0
DA:133,0
DA:138,0
DA:140,0
DA:144,0
DA:155,0
DA:156,0
DA:157,0
DA:159,0
DA:169,0
DA:171,0
DA:176,1
LF:48
LH:11
BRDA:30,0,0,0
BRDA:30,0,1,0
BRDA:37,1,0,0
BRDA:37,1,1,0
BRDA:49,2,0,0
BRDA:49,2,1,0
BRDA:116,3,0,0
BRDA:116,3,1,0
BRDA:124,4,0,0
BRDA:124,4,1,0
BRDA:130,5,0,0
BRDA:130,5,1,0
BRDA:156,6,0,0
BRDA:156,6,1,0
BRDA:159,7,0,0
BRDA:159,7,1,0
BRDA:171,8,0,0
BRDA:171,8,1,0
BRF:18
BRH:0
end_of_record
TN:
SF:src/services/index.ts
FNF:0
FNH:0
DA:2,1
DA:3,1
DA:4,1
DA:5,1
DA:6,1
LF:5
LH:5
BRF:0
BRH:0
end_of_record
